<?xml version="1.0" encoding="UTF-8"?>
<testsuite xmlns:xsi="http://www.w3.org/2001/XMLSchema-instance" xsi:noNamespaceSchemaLocation="https://maven.apache.org/surefire/maven-surefire-plugin/xsd/surefire-test-report.xsd" name="com.bupt.recruitmentsearch.RecruitmentsearchApplicationTests" time="9.418" tests="3" errors="0" skipped="0" failures="0">
  <properties>
[...]
</properties>
  <testcase name="searchTest" classname="com.bupt.recruitmentsearch.RecruitmentsearchApplicationTests" time="1.673"/>
  <testcase name="test" classname="com.bupt.recruitmentsearch.RecruitmentsearchApplicationTests" time="0.234"/>
  <testcase name="contextLoads" classname="com.bupt.recruitmentsearch.RecruitmentsearchApplicationTests" time="0.01"/>
</testsuite>